-------------------------------------------------------------------------------
Test set: runner.Runner
-------------------------------------------------------------------------------
Tests run: 1, Failures: 1, Errors: 0, Skipped: 0, Time elapsed: 24.766 sec <<< FAILURE! - in runner.Runner
runScenario(runner.Runner)  Time elapsed: 23.919 sec  <<< FAILURE!
java.lang.NullPointerException: Cannot invoke "org.openqa.selenium.WebDriver.findElement(org.openqa.selenium.By)" because "this.driver" is null

