<?xml version="1.0" encoding="UTF-8"?>
<testng-results ignored="0" total="1" passed="0" failed="1" skipped="0">
  <reporter-output>
  </reporter-output>
  <suite started-at="2025-03-16T16:10:28 GMT" name="Surefire suite" finished-at="2025-03-16T16:10:53 GMT" duration-ms="25286">
    <groups>
      <group name="cucumber">
        <method signature="AbstractTestNGCucumberTests.runScenario(io.cucumber.testng.PickleWrapper,io.cucumber.testng.FeatureWrapper)[pri:0, instance:runner.Runner@65f095f8]" name="runScenario" class="io.cucumber.testng.AbstractTestNGCucumberTests"/>
      </group> <!-- cucumber -->
    </groups>
    <test started-at="2025-03-16T16:10:28 GMT" name="Surefire test" finished-at="2025-03-16T16:10:53 GMT" duration-ms="25286">
      <class name="runner.Runner">
        <test-method is-config="true" signature="setUpClass(org.testng.ITestContext)[pri:0, instance:runner.Runner@65f095f8]" started-at="2025-03-16T16:10:28 GMT" name="setUpClass" finished-at="2025-03-16T16:10:28 GMT" duration-ms="407" status="PASS">
          <params>
            <param index="0">
              <value>
                <![CDATA[org.testng.TestRunner@1fba386c]]>
              </value>
            </param>
          </params>
          <reporter-output>
          </reporter-output>
        </test-method> <!-- setUpClass -->
        <test-method signature="runScenario(io.cucumber.testng.PickleWrapper,io.cucumber.testng.FeatureWrapper)[pri:0, instance:runner.Runner@65f095f8]" started-at="2025-03-16T16:10:29 GMT" name="runScenario" description="Runs Cucumber Scenarios" data-provider="scenarios" finished-at="2025-03-16T16:10:53 GMT" duration-ms="24740" status="FAIL">
          <params>
            <param index="0">
              <value>
                <![CDATA["User is able to register successfully parameters datatable"]]>
              </value>
            </param>
            <param index="1">
              <value>
                <![CDATA["BookCart Registration page"]]>
              </value>
            </param>
          </params>
          <exception class="java.lang.NullPointerException">
            <message>
              <![CDATA[Cannot invoke "org.openqa.selenium.WebDriver.findElement(org.openqa.selenium.By)" because "this.driver" is null]]>
            </message>
            <full-stacktrace>
              <![CDATA[java.lang.NullPointerException: Cannot invoke "org.openqa.selenium.WebDriver.findElement(org.openqa.selenium.By)" because "this.driver" is null
at steps.Registerpage.user_enters_required_data_and_selects_gender(Registerpage.java:86)
at ✽.User enters required data and  selects Gender(file:///C:/Users/sanim/JavaPrograms/CucumberBasics/src/test/java/features/Register.feature:41)
]]>
            </full-stacktrace>
          </exception> <!-- java.lang.NullPointerException -->
          <reporter-output>
          </reporter-output>
        </test-method> <!-- runScenario -->
        <test-method is-config="true" signature="tearDownClass()[pri:0, instance:runner.Runner@65f095f8]" started-at="2025-03-16T16:10:53 GMT" name="tearDownClass" finished-at="2025-03-16T16:10:53 GMT" duration-ms="7" status="PASS">
          <reporter-output>
          </reporter-output>
        </test-method> <!-- tearDownClass -->
      </class> <!-- runner.Runner -->
    </test> <!-- Surefire test -->
  </suite> <!-- Surefire suite -->
</testng-results>
