<?xml version="1.0" encoding="UTF-8"?>
<!-- Generated by org.testng.reporters.JUnitReportReporter -->
<testsuite hostname="Sani" failures="0" tests="1" name="runner.Runner" time="56.877" errors="1" timestamp="2025-03-16T18:47:10 GMT" skipped="0">
  <testcase classname="runner.Runner" name="runScenario" time="56.877">
    <error message="Cannot invoke &quot;org.openqa.selenium.WebDriver.findElement(org.openqa.selenium.By)&quot; because &quot;this.driver&quot; is null" type="java.lang.NullPointerException">
      <![CDATA[java.lang.NullPointerException: Cannot invoke "org.openqa.selenium.WebDriver.findElement(org.openqa.selenium.By)" because "this.driver" is null
at steps.Registerpage.user_enters_required_data_and_selects_gender(Registerpage.java:86)
at ✽.User enters required data and  selects Gender(file:///C:/Users/sanim/JavaPrograms/CucumberBasics/src/test/java/features/Register.feature:41)
]]>
    </error>
  </testcase> <!-- runScenario -->
</testsuite> <!-- runner.Runner -->
